Analysis & Synthesis report for Accumulator-lab2
Mon May 06 14:05:33 2019
Quartus II Version 9.1 Build 350 03/24/2010 Service Pack 2 SJ Web Edition


---------------------
; Table of Contents ;
---------------------
  1. Legal Notice
  2. Analysis & Synthesis Summary
  3. Analysis & Synthesis Settings
  4. Parallel Compilation
  5. Analysis & Synthesis Source Files Read
  6. Analysis & Synthesis Resource Usage Summary
  7. Analysis & Synthesis Resource Utilization by Entity
  8. Analysis & Synthesis RAM Summary
  9. State Machine - |AccBoard|newlcd:inst|LCD_Display:inst|next_command
 10. State Machine - |AccBoard|newlcd:inst|LCD_Display:inst|state
 11. Registers Removed During Synthesis
 12. General Register Statistics
 13. Inverted Register Statistics
 14. Multiplexer Restructuring Statistics (Restructuring Performed)
 15. Source assignments for NewLCD:inst|lpm_rom0:inst1|altsyncram:altsyncram_component|altsyncram_7f71:auto_generated
 16. Parameter Settings for User Entity Instance: NewLCD:inst|LCD_Display:inst
 17. Parameter Settings for User Entity Instance: NewLCD:inst|lpm_rom0:inst1|altsyncram:altsyncram_component
 18. Parameter Settings for User Entity Instance: Accumulator:inst38|lpm_ff0:inst1|lpm_ff:lpm_ff_component
 19. altsyncram Parameter Settings by Entity Instance
 20. Analysis & Synthesis Messages



----------------
; Legal Notice ;
----------------
Copyright (C) 1991-2010 Altera Corporation
Your use of Altera Corporation's design tools, logic functions 
and other software and tools, and its AMPP partner logic 
functions, and any output files from any of the foregoing 
(including device programming or simulation files), and any 
associated documentation or information are expressly subject 
to the terms and conditions of the Altera Program License 
Subscription Agreement, Altera MegaCore Function License 
Agreement, or other applicable license agreement, including, 
without limitation, that your use is for the sole purpose of 
programming logic devices manufactured by Altera and sold by 
Altera or its authorized distributors.  Please refer to the 
applicable agreement for further details.



+-----------------------------------------------------------------------------------+
; Analysis & Synthesis Summary                                                      ;
+------------------------------------+----------------------------------------------+
; Analysis & Synthesis Status        ; Successful - Mon May 06 14:05:33 2019        ;
; Quartus II Version                 ; 9.1 Build 350 03/24/2010 SP 2 SJ Web Edition ;
; Revision Name                      ; Accumulator-lab2                             ;
; Top-level Entity Name              ; AccBoard                                     ;
; Family                             ; Cyclone II                                   ;
; Total logic elements               ; 124                                          ;
;     Total combinational functions  ; 121                                          ;
;     Dedicated logic registers      ; 68                                           ;
; Total registers                    ; 68                                           ;
; Total pins                         ; 20                                           ;
; Total virtual pins                 ; 0                                            ;
; Total memory bits                  ; 256                                          ;
; Embedded Multiplier 9-bit elements ; 0                                            ;
; Total PLLs                         ; 0                                            ;
+------------------------------------+----------------------------------------------+


+----------------------------------------------------------------------------------------------------------------------+
; Analysis & Synthesis Settings                                                                                        ;
+----------------------------------------------------------------------------+--------------------+--------------------+
; Option                                                                     ; Setting            ; Default Value      ;
+----------------------------------------------------------------------------+--------------------+--------------------+
; Device                                                                     ; EP2C35F672C6       ;                    ;
; Top-level entity name                                                      ; AccBoard           ; Accumulator-lab2   ;
; Family name                                                                ; Cyclone II         ; Stratix II         ;
; Use Generated Physical Constraints File                                    ; Off                ;                    ;
; Use smart compilation                                                      ; Off                ; Off                ;
; Enable parallel Assembler and TimeQuest Timing Analyzer during compilation ; On                 ; On                 ;
; Enable compact report table                                                ; Off                ; Off                ;
; Restructure Multiplexers                                                   ; Auto               ; Auto               ;
; Create Debugging Nodes for IP Cores                                        ; Off                ; Off                ;
; Preserve fewer node names                                                  ; On                 ; On                 ;
; Disable OpenCore Plus hardware evaluation                                  ; Off                ; Off                ;
; Verilog Version                                                            ; Verilog_2001       ; Verilog_2001       ;
; VHDL Version                                                               ; VHDL_1993          ; VHDL_1993          ;
; State Machine Processing                                                   ; Auto               ; Auto               ;
; Safe State Machine                                                         ; Off                ; Off                ;
; Extract Verilog State Machines                                             ; On                 ; On                 ;
; Extract VHDL State Machines                                                ; On                 ; On                 ;
; Ignore Verilog initial constructs                                          ; Off                ; Off                ;
; Iteration limit for constant Verilog loops                                 ; 5000               ; 5000               ;
; Iteration limit for non-constant Verilog loops                             ; 250                ; 250                ;
; Add Pass-Through Logic to Inferred RAMs                                    ; On                 ; On                 ;
; Parallel Synthesis                                                         ; On                 ; On                 ;
; DSP Block Balancing                                                        ; Auto               ; Auto               ;
; NOT Gate Push-Back                                                         ; On                 ; On                 ;
; Power-Up Don't Care                                                        ; On                 ; On                 ;
; Remove Redundant Logic Cells                                               ; Off                ; Off                ;
; Remove Duplicate Registers                                                 ; On                 ; On                 ;
; Ignore CARRY Buffers                                                       ; Off                ; Off                ;
; Ignore CASCADE Buffers                                                     ; Off                ; Off                ;
; Ignore GLOBAL Buffers                                                      ; Off                ; Off                ;
; Ignore ROW GLOBAL Buffers                                                  ; Off                ; Off                ;
; Ignore LCELL Buffers                                                       ; Off                ; Off                ;
; Ignore SOFT Buffers                                                        ; On                 ; On                 ;
; Limit AHDL Integers to 32 Bits                                             ; Off                ; Off                ;
; Optimization Technique                                                     ; Balanced           ; Balanced           ;
; Carry Chain Length                                                         ; 70                 ; 70                 ;
; Auto Carry Chains                                                          ; On                 ; On                 ;
; Auto Open-Drain Pins                                                       ; On                 ; On                 ;
; Perform WYSIWYG Primitive Resynthesis                                      ; Off                ; Off                ;
; Auto ROM Replacement                                                       ; On                 ; On                 ;
; Auto RAM Replacement                                                       ; On                 ; On                 ;
; Auto Shift Register Replacement                                            ; Auto               ; Auto               ;
; Auto Clock Enable Replacement                                              ; On                 ; On                 ;
; Strict RAM Replacement                                                     ; Off                ; Off                ;
; Allow Synchronous Control Signals                                          ; On                 ; On                 ;
; Force Use of Synchronous Clear Signals                                     ; Off                ; Off                ;
; Auto RAM to Logic Cell Conversion                                          ; Off                ; Off                ;
; Auto Resource Sharing                                                      ; Off                ; Off                ;
; Allow Any RAM Size For Recognition                                         ; Off                ; Off                ;
; Allow Any ROM Size For Recognition                                         ; Off                ; Off                ;
; Allow Any Shift Register Size For Recognition                              ; Off                ; Off                ;
; Use LogicLock Constraints during Resource Balancing                        ; On                 ; On                 ;
; Ignore translate_off and synthesis_off directives                          ; Off                ; Off                ;
; Timing-Driven Synthesis                                                    ; Off                ; Off                ;
; Show Parameter Settings Tables in Synthesis Report                         ; On                 ; On                 ;
; Ignore Maximum Fan-Out Assignments                                         ; Off                ; Off                ;
; Synchronization Register Chain Length                                      ; 2                  ; 2                  ;
; PowerPlay Power Optimization                                               ; Normal compilation ; Normal compilation ;
; HDL message level                                                          ; Level2             ; Level2             ;
; Suppress Register Optimization Related Messages                            ; Off                ; Off                ;
; Number of Removed Registers Reported in Synthesis Report                   ; 5000               ; 5000               ;
; Number of Inverted Registers Reported in Synthesis Report                  ; 100                ; 100                ;
; Clock MUX Protection                                                       ; On                 ; On                 ;
; Auto Gated Clock Conversion                                                ; Off                ; Off                ;
; Block Design Naming                                                        ; Auto               ; Auto               ;
; SDC constraint protection                                                  ; Off                ; Off                ;
; Synthesis Effort                                                           ; Auto               ; Auto               ;
; Shift Register Replacement - Allow Asynchronous Clear Signal               ; On                 ; On                 ;
; Analysis & Synthesis Message Level                                         ; Medium             ; Medium             ;
; Disable Register Merging Across Hierarchies                                ; Auto               ; Auto               ;
; Resource Aware Inference For Block RAM                                     ; On                 ; On                 ;
+----------------------------------------------------------------------------+--------------------+--------------------+


Parallel compilation was disabled, but you have multiple processors available. Enable parallel compilation to reduce compilation time.
+-------------------------------------+
; Parallel Compilation                ;
+----------------------------+--------+
; Processors                 ; Number ;
+----------------------------+--------+
; Number detected on machine ; 2      ;
; Maximum allowed            ; 1      ;
+----------------------------+--------+


+---------------------------------------------------------------------------------------------------------------------------------------------------------------------------+
; Analysis & Synthesis Source Files Read                                                                                                                                    ;
+----------------------------------+-----------------+------------------------------------------+---------------------------------------------------------------------------+
; File Name with User-Entered Path ; Used in Netlist ; File Type                                ; File Name with Absolute Path                                              ;
+----------------------------------+-----------------+------------------------------------------+---------------------------------------------------------------------------+
; FA.bdf                           ; yes             ; User Block Diagram/Schematic File        ; C:/altera/91sp2/quartus/lab2/FA.bdf                                       ;
; HA.bdf                           ; yes             ; User Block Diagram/Schematic File        ; C:/altera/91sp2/quartus/lab2/HA.bdf                                       ;
; Adder8_4bits.bdf                 ; yes             ; User Block Diagram/Schematic File        ; C:/altera/91sp2/quartus/lab2/Adder8_4bits.bdf                             ;
; Accumulator.bdf                  ; yes             ; User Block Diagram/Schematic File        ; C:/altera/91sp2/quartus/lab2/Accumulator.bdf                              ;
; AccBoard.bdf                     ; yes             ; User Block Diagram/Schematic File        ; C:/altera/91sp2/quartus/lab2/AccBoard.bdf                                 ;
; ROM.hex                          ; yes             ; User Hexadecimal (Intel-Format) File     ; C:/altera/91sp2/quartus/lab2/ROM.hex                                      ;
; newlcd.bdf                       ; yes             ; Auto-Found Block Diagram/Schematic File  ; c:/altera/91sp2/quartus/libraries/corelibrary/corelibrary/newlcd.bdf      ;
; lcd_display.vhd                  ; yes             ; Auto-Found VHDL File                     ; c:/altera/91sp2/quartus/libraries/corelibrary/corelibrary/lcd_display.vhd ;
; lpm_rom0.vhd                     ; yes             ; Auto-Found Wizard-Generated File         ; c:/altera/91sp2/quartus/libraries/corelibrary/corelibrary/lpm_rom0.vhd    ;
; altsyncram.tdf                   ; yes             ; Megafunction                             ; c:/altera/91sp2/quartus/libraries/megafunctions/altsyncram.tdf            ;
; db/altsyncram_7f71.tdf           ; yes             ; Auto-Generated Megafunction              ; C:/altera/91sp2/quartus/lab2/db/altsyncram_7f71.tdf                       ;
; lpm_ff0.tdf                      ; yes             ; Auto-Found Wizard-Generated File         ; C:/altera/91sp2/quartus/lab2/lpm_ff0.tdf                                  ;
; lpm_ff.inc                       ; yes             ; Auto-Found AHDL File                     ; c:/altera/91sp2/quartus/libraries/megafunctions/lpm_ff.inc                ;
; lpm_ff.tdf                       ; yes             ; Megafunction                             ; c:/altera/91sp2/quartus/libraries/megafunctions/lpm_ff.tdf                ;
+----------------------------------+-----------------+------------------------------------------+---------------------------------------------------------------------------+


+-----------------------------------------------------+
; Analysis & Synthesis Resource Usage Summary         ;
+---------------------------------------------+-------+
; Resource                                    ; Usage ;
+---------------------------------------------+-------+
; Estimated Total logic elements              ; 124   ;
;                                             ;       ;
; Total combinational functions               ; 121   ;
; Logic element usage by number of LUT inputs ;       ;
;     -- 4 input functions                    ; 59    ;
;     -- 3 input functions                    ; 17    ;
;     -- <=2 input functions                  ; 45    ;
;                                             ;       ;
; Logic elements by mode                      ;       ;
;     -- normal mode                          ; 98    ;
;     -- arithmetic mode                      ; 23    ;
;                                             ;       ;
; Total registers                             ; 68    ;
;     -- Dedicated logic registers            ; 68    ;
;     -- I/O registers                        ; 0     ;
;                                             ;       ;
; I/O pins                                    ; 20    ;
; Total memory bits                           ; 256   ;
; Maximum fan-out node                        ; Reset ;
; Maximum fan-out                             ; 49    ;
; Total fan-out                               ; 647   ;
; Average fan-out                             ; 2.98  ;
+---------------------------------------------+-------+


+-------------------------------------------------------------------------------------------------------------------------------------------------------------------------------------------------------------------------------------------------------------------------------+
; Analysis & Synthesis Resource Utilization by Entity                                                                                                                                                                                                                           ;
+----------------------------------------------+-------------------+--------------+-------------+--------------+---------+-----------+------+--------------+-----------------------------------------------------------------------------------------------------+--------------+
; Compilation Hierarchy Node                   ; LC Combinationals ; LC Registers ; Memory Bits ; DSP Elements ; DSP 9x9 ; DSP 18x18 ; Pins ; Virtual Pins ; Full Hierarchy Name                                                                                 ; Library Name ;
+----------------------------------------------+-------------------+--------------+-------------+--------------+---------+-----------+------+--------------+-----------------------------------------------------------------------------------------------------+--------------+
; |AccBoard                                    ; 121 (0)           ; 68 (0)       ; 256         ; 0            ; 0       ; 0         ; 20   ; 0            ; |AccBoard                                                                                           ; work         ;
;    |Accumulator:inst38|                      ; 13 (0)            ; 8 (0)        ; 0           ; 0            ; 0       ; 0         ; 0    ; 0            ; |AccBoard|Accumulator:inst38                                                                        ;              ;
;       |Adder8_4bits:inst|                    ; 13 (0)            ; 0 (0)        ; 0           ; 0            ; 0       ; 0         ; 0    ; 0            ; |AccBoard|Accumulator:inst38|Adder8_4bits:inst                                                      ;              ;
;          |FA:inst1|                          ; 2 (2)             ; 0 (0)        ; 0           ; 0            ; 0       ; 0         ; 0    ; 0            ; |AccBoard|Accumulator:inst38|Adder8_4bits:inst|FA:inst1                                             ;              ;
;          |FA:inst2|                          ; 3 (3)             ; 0 (0)        ; 0           ; 0            ; 0       ; 0         ; 0    ; 0            ; |AccBoard|Accumulator:inst38|Adder8_4bits:inst|FA:inst2                                             ;              ;
;          |FA:inst3|                          ; 2 (2)             ; 0 (0)        ; 0           ; 0            ; 0       ; 0         ; 0    ; 0            ; |AccBoard|Accumulator:inst38|Adder8_4bits:inst|FA:inst3                                             ;              ;
;          |FA:inst|                           ; 1 (1)             ; 0 (0)        ; 0           ; 0            ; 0       ; 0         ; 0    ; 0            ; |AccBoard|Accumulator:inst38|Adder8_4bits:inst|FA:inst                                              ;              ;
;          |HA:inst4|                          ; 1 (1)             ; 0 (0)        ; 0           ; 0            ; 0       ; 0         ; 0    ; 0            ; |AccBoard|Accumulator:inst38|Adder8_4bits:inst|HA:inst4                                             ;              ;
;          |HA:inst5|                          ; 1 (1)             ; 0 (0)        ; 0           ; 0            ; 0       ; 0         ; 0    ; 0            ; |AccBoard|Accumulator:inst38|Adder8_4bits:inst|HA:inst5                                             ;              ;
;          |HA:inst6|                          ; 1 (1)             ; 0 (0)        ; 0           ; 0            ; 0       ; 0         ; 0    ; 0            ; |AccBoard|Accumulator:inst38|Adder8_4bits:inst|HA:inst6                                             ;              ;
;          |HA:inst7|                          ; 2 (2)             ; 0 (0)        ; 0           ; 0            ; 0       ; 0         ; 0    ; 0            ; |AccBoard|Accumulator:inst38|Adder8_4bits:inst|HA:inst7                                             ;              ;
;       |lpm_ff0:inst1|                        ; 0 (0)             ; 8 (0)        ; 0           ; 0            ; 0       ; 0         ; 0    ; 0            ; |AccBoard|Accumulator:inst38|lpm_ff0:inst1                                                          ;              ;
;          |lpm_ff:lpm_ff_component|           ; 0 (0)             ; 8 (8)        ; 0           ; 0            ; 0       ; 0         ; 0    ; 0            ; |AccBoard|Accumulator:inst38|lpm_ff0:inst1|lpm_ff:lpm_ff_component                                  ;              ;
;    |newlcd:inst|                             ; 108 (0)           ; 60 (0)       ; 256         ; 0            ; 0       ; 0         ; 0    ; 0            ; |AccBoard|newlcd:inst                                                                               ;              ;
;       |LCD_Display:inst|                     ; 108 (108)         ; 60 (60)      ; 0           ; 0            ; 0       ; 0         ; 0    ; 0            ; |AccBoard|newlcd:inst|LCD_Display:inst                                                              ;              ;
;       |lpm_rom0:inst1|                       ; 0 (0)             ; 0 (0)        ; 256         ; 0            ; 0       ; 0         ; 0    ; 0            ; |AccBoard|newlcd:inst|lpm_rom0:inst1                                                                ;              ;
;          |altsyncram:altsyncram_component|   ; 0 (0)             ; 0 (0)        ; 256         ; 0            ; 0       ; 0         ; 0    ; 0            ; |AccBoard|newlcd:inst|lpm_rom0:inst1|altsyncram:altsyncram_component                                ;              ;
;             |altsyncram_7f71:auto_generated| ; 0 (0)             ; 0 (0)        ; 256         ; 0            ; 0       ; 0         ; 0    ; 0            ; |AccBoard|newlcd:inst|lpm_rom0:inst1|altsyncram:altsyncram_component|altsyncram_7f71:auto_generated ;              ;
+----------------------------------------------+-------------------+--------------+-------------+--------------+---------+-----------+------+--------------+-----------------------------------------------------------------------------------------------------+--------------+
Note: For table entries with two numbers listed, the numbers in parentheses indicate the number of resources of the given type used by the specific entity alone. The numbers listed outside of parentheses indicate the total resources of the given type used by the specific entity and all of its sub-entities in the hierarchy.


+-------------------------------------------------------------------------------------------------------------------------------------------------------------------------------------------------+
; Analysis & Synthesis RAM Summary                                                                                                                                                                ;
+------------------------------------------------------------------------------------------------------+------+------+--------------+--------------+--------------+--------------+------+---------+
; Name                                                                                                 ; Type ; Mode ; Port A Depth ; Port A Width ; Port B Depth ; Port B Width ; Size ; MIF     ;
+------------------------------------------------------------------------------------------------------+------+------+--------------+--------------+--------------+--------------+------+---------+
; newlcd:inst|lpm_rom0:inst1|altsyncram:altsyncram_component|altsyncram_7f71:auto_generated|ALTSYNCRAM ; AUTO ; ROM  ; 32           ; 8            ; --           ; --           ; 256  ; ROM.hex ;
+------------------------------------------------------------------------------------------------------+------+------+--------------+--------------+--------------+--------------+------+---------+


Encoding Type:  One-Hot
+----------------------------------------------------------------------------------------------------------------------------------------------------------------------------------------------------------------------------------------------------------------------------------------------------------------------------------------------------------+
; State Machine - |AccBoard|newlcd:inst|LCD_Display:inst|next_command                                                                                                                                                                                                                                                                                      ;
+----------------------------+----------------------------+--------------------------+---------------------+-------------------+---------------------+-------------------------+--------------------------+--------------------+---------------------------+-----------------------+-------------------------+-----------------------+---------------------+
; Name                       ; next_command.DISPLAY_CLEAR ; next_command.DISPLAY_OFF ; next_command.RESET3 ; next_command.HOLD ; next_command.RESET1 ; next_command.DROP_LCD_E ; next_command.RETURN_HOME ; next_command.LINE2 ; next_command.Print_String ; next_command.MODE_SET ; next_command.DISPLAY_ON ; next_command.FUNC_SET ; next_command.RESET2 ;
+----------------------------+----------------------------+--------------------------+---------------------+-------------------+---------------------+-------------------------+--------------------------+--------------------+---------------------------+-----------------------+-------------------------+-----------------------+---------------------+
; next_command.RESET2        ; 0                          ; 0                        ; 0                   ; 0                 ; 0                   ; 0                       ; 0                        ; 0                  ; 0                         ; 0                     ; 0                       ; 0                     ; 0                   ;
; next_command.FUNC_SET      ; 0                          ; 0                        ; 0                   ; 0                 ; 0                   ; 0                       ; 0                        ; 0                  ; 0                         ; 0                     ; 0                       ; 1                     ; 1                   ;
; next_command.DISPLAY_ON    ; 0                          ; 0                        ; 0                   ; 0                 ; 0                   ; 0                       ; 0                        ; 0                  ; 0                         ; 0                     ; 1                       ; 0                     ; 1                   ;
; next_command.MODE_SET      ; 0                          ; 0                        ; 0                   ; 0                 ; 0                   ; 0                       ; 0                        ; 0                  ; 0                         ; 1                     ; 0                       ; 0                     ; 1                   ;
; next_command.Print_String  ; 0                          ; 0                        ; 0                   ; 0                 ; 0                   ; 0                       ; 0                        ; 0                  ; 1                         ; 0                     ; 0                       ; 0                     ; 1                   ;
; next_command.LINE2         ; 0                          ; 0                        ; 0                   ; 0                 ; 0                   ; 0                       ; 0                        ; 1                  ; 0                         ; 0                     ; 0                       ; 0                     ; 1                   ;
; next_command.RETURN_HOME   ; 0                          ; 0                        ; 0                   ; 0                 ; 0                   ; 0                       ; 1                        ; 0                  ; 0                         ; 0                     ; 0                       ; 0                     ; 1                   ;
; next_command.DROP_LCD_E    ; 0                          ; 0                        ; 0                   ; 0                 ; 0                   ; 1                       ; 0                        ; 0                  ; 0                         ; 0                     ; 0                       ; 0                     ; 1                   ;
; next_command.RESET1        ; 0                          ; 0                        ; 0                   ; 0                 ; 1                   ; 0                       ; 0                        ; 0                  ; 0                         ; 0                     ; 0                       ; 0                     ; 1                   ;
; next_command.HOLD          ; 0                          ; 0                        ; 0                   ; 1                 ; 0                   ; 0                       ; 0                        ; 0                  ; 0                         ; 0                     ; 0                       ; 0                     ; 1                   ;
; next_command.RESET3        ; 0                          ; 0                        ; 1                   ; 0                 ; 0                   ; 0                       ; 0                        ; 0                  ; 0                         ; 0                     ; 0                       ; 0                     ; 1                   ;
; next_command.DISPLAY_OFF   ; 0                          ; 1                        ; 0                   ; 0                 ; 0                   ; 0                       ; 0                        ; 0                  ; 0                         ; 0                     ; 0                       ; 0                     ; 1                   ;
; next_command.DISPLAY_CLEAR ; 1                          ; 0                        ; 0                   ; 0                 ; 0                   ; 0                       ; 0                        ; 0                  ; 0                         ; 0                     ; 0                       ; 0                     ; 1                   ;
+----------------------------+----------------------------+--------------------------+---------------------+-------------------+---------------------+-------------------------+--------------------------+--------------------+---------------------------+-----------------------+-------------------------+-----------------------+---------------------+


Encoding Type:  One-Hot
+--------------------------------------------------------------------------------------------------------------------------------------------------------------------------------------------------------------------------------------------------------+
; State Machine - |AccBoard|newlcd:inst|LCD_Display:inst|state                                                                                                                                                                                           ;
+---------------------+---------------------+-------------------+--------------+--------------+------------+------------------+-------------------+-------------+--------------------+----------------+------------------+----------------+--------------+
; Name                ; state.DISPLAY_CLEAR ; state.DISPLAY_OFF ; state.RESET3 ; state.RESET2 ; state.HOLD ; state.DROP_LCD_E ; state.RETURN_HOME ; state.LINE2 ; state.Print_String ; state.MODE_SET ; state.DISPLAY_ON ; state.FUNC_SET ; state.RESET1 ;
+---------------------+---------------------+-------------------+--------------+--------------+------------+------------------+-------------------+-------------+--------------------+----------------+------------------+----------------+--------------+
; state.RESET1        ; 0                   ; 0                 ; 0            ; 0            ; 0          ; 0                ; 0                 ; 0           ; 0                  ; 0              ; 0                ; 0              ; 0            ;
; state.FUNC_SET      ; 0                   ; 0                 ; 0            ; 0            ; 0          ; 0                ; 0                 ; 0           ; 0                  ; 0              ; 0                ; 1              ; 1            ;
; state.DISPLAY_ON    ; 0                   ; 0                 ; 0            ; 0            ; 0          ; 0                ; 0                 ; 0           ; 0                  ; 0              ; 1                ; 0              ; 1            ;
; state.MODE_SET      ; 0                   ; 0                 ; 0            ; 0            ; 0          ; 0                ; 0                 ; 0           ; 0                  ; 1              ; 0                ; 0              ; 1            ;
; state.Print_String  ; 0                   ; 0                 ; 0            ; 0            ; 0          ; 0                ; 0                 ; 0           ; 1                  ; 0              ; 0                ; 0              ; 1            ;
; state.LINE2         ; 0                   ; 0                 ; 0            ; 0            ; 0          ; 0                ; 0                 ; 1           ; 0                  ; 0              ; 0                ; 0              ; 1            ;
; state.RETURN_HOME   ; 0                   ; 0                 ; 0            ; 0            ; 0          ; 0                ; 1                 ; 0           ; 0                  ; 0              ; 0                ; 0              ; 1            ;
; state.DROP_LCD_E    ; 0                   ; 0                 ; 0            ; 0            ; 0          ; 1                ; 0                 ; 0           ; 0                  ; 0              ; 0                ; 0              ; 1            ;
; state.HOLD          ; 0                   ; 0                 ; 0            ; 0            ; 1          ; 0                ; 0                 ; 0           ; 0                  ; 0              ; 0                ; 0              ; 1            ;
; state.RESET2        ; 0                   ; 0                 ; 0            ; 1            ; 0          ; 0                ; 0                 ; 0           ; 0                  ; 0              ; 0                ; 0              ; 1            ;
; state.RESET3        ; 0                   ; 0                 ; 1            ; 0            ; 0          ; 0                ; 0                 ; 0           ; 0                  ; 0              ; 0                ; 0              ; 1            ;
; state.DISPLAY_OFF   ; 0                   ; 1                 ; 0            ; 0            ; 0          ; 0                ; 0                 ; 0           ; 0                  ; 0              ; 0                ; 0              ; 1            ;
; state.DISPLAY_CLEAR ; 1                   ; 0                 ; 0            ; 0            ; 0          ; 0                ; 0                 ; 0           ; 0                  ; 0              ; 0                ; 0              ; 1            ;
+---------------------+---------------------+-------------------+--------------+--------------+------------+------------------+-------------------+-------------+--------------------+----------------+------------------+----------------+--------------+


+-----------------------------------------------------------------------------------------------+
; Registers Removed During Synthesis                                                            ;
+------------------------------------------------------+----------------------------------------+
; Register name                                        ; Reason for Removal                     ;
+------------------------------------------------------+----------------------------------------+
; newlcd:inst|LCD_Display:inst|next_command.DROP_LCD_E ; Stuck at GND due to stuck port data_in ;
; newlcd:inst|LCD_Display:inst|next_command.HOLD       ; Stuck at GND due to stuck port data_in ;
; newlcd:inst|LCD_Display:inst|next_command.RESET1     ; Stuck at GND due to stuck port data_in ;
; Total Number of Removed Registers = 3                ;                                        ;
+------------------------------------------------------+----------------------------------------+


+------------------------------------------------------+
; General Register Statistics                          ;
+----------------------------------------------+-------+
; Statistic                                    ; Value ;
+----------------------------------------------+-------+
; Total registers                              ; 68    ;
; Number of registers using Synchronous Clear  ; 21    ;
; Number of registers using Synchronous Load   ; 0     ;
; Number of registers using Asynchronous Clear ; 42    ;
; Number of registers using Asynchronous Load  ; 0     ;
; Number of registers using Clock Enable       ; 8     ;
; Number of registers using Preset             ; 0     ;
+----------------------------------------------+-------+


+----------------------------------------------------------+
; Inverted Register Statistics                             ;
+------------------------------------------------+---------+
; Inverted Register                              ; Fan out ;
+------------------------------------------------+---------+
; newlcd:inst|LCD_Display:inst|LCD_E             ; 2       ;
; newlcd:inst|LCD_Display:inst|LCD_RW_INT        ; 9       ;
; newlcd:inst|LCD_Display:inst|DATA_BUS_VALUE[5] ; 1       ;
; newlcd:inst|LCD_Display:inst|DATA_BUS_VALUE[4] ; 1       ;
; newlcd:inst|LCD_Display:inst|DATA_BUS_VALUE[3] ; 2       ;
; Total number of inverted registers = 5         ;         ;
+------------------------------------------------+---------+


+--------------------------------------------------------------------------------------------------------------------------------------------------------------------------+
; Multiplexer Restructuring Statistics (Restructuring Performed)                                                                                                           ;
+--------------------+-----------+---------------+----------------------+------------------------+------------+------------------------------------------------------------+
; Multiplexer Inputs ; Bus Width ; Baseline Area ; Area if Restructured ; Saving if Restructured ; Registered ; Example Multiplexer Output                                 ;
+--------------------+-----------+---------------+----------------------+------------------------+------------+------------------------------------------------------------+
; 3:1                ; 20 bits   ; 40 LEs        ; 20 LEs               ; 20 LEs                 ; Yes        ; |AccBoard|newlcd:inst|LCD_Display:inst|CLK_COUNT_400HZ[18] ;
; 5:1                ; 2 bits    ; 6 LEs         ; 6 LEs                ; 0 LEs                  ; Yes        ; |AccBoard|newlcd:inst|LCD_Display:inst|DATA_BUS_VALUE[5]   ;
; 33:1               ; 4 bits    ; 88 LEs        ; 8 LEs                ; 80 LEs                 ; No         ; |AccBoard|newlcd:inst|LCD_Display:inst|Next_Char[3]        ;
+--------------------+-----------+---------------+----------------------+------------------------+------------+------------------------------------------------------------+


+------------------------------------------------------------------------------------------------------------------+
; Source assignments for NewLCD:inst|lpm_rom0:inst1|altsyncram:altsyncram_component|altsyncram_7f71:auto_generated ;
+---------------------------------+--------------------+------+----------------------------------------------------+
; Assignment                      ; Value              ; From ; To                                                 ;
+---------------------------------+--------------------+------+----------------------------------------------------+
; OPTIMIZE_POWER_DURING_SYNTHESIS ; NORMAL_COMPILATION ; -    ; -                                                  ;
+---------------------------------+--------------------+------+----------------------------------------------------+


+---------------------------------------------------------------------------+
; Parameter Settings for User Entity Instance: NewLCD:inst|LCD_Display:inst ;
+----------------+-------+--------------------------------------------------+
; Parameter Name ; Value ; Type                                             ;
+----------------+-------+--------------------------------------------------+
; num_hex_digits ; 4     ; Signed Integer                                   ;
+----------------+-------+--------------------------------------------------+
Note: In order to hide this table in the UI and the text report file, please set the "Show Parameter Settings Tables in Synthesis Report" option in "Analysis and Synthesis Settings -> More Settings" to "Off".


+---------------------------------------------------------------------------------------------------------+
; Parameter Settings for User Entity Instance: NewLCD:inst|lpm_rom0:inst1|altsyncram:altsyncram_component ;
+------------------------------------+----------------------+---------------------------------------------+
; Parameter Name                     ; Value                ; Type                                        ;
+------------------------------------+----------------------+---------------------------------------------+
; BYTE_SIZE_BLOCK                    ; 8                    ; Untyped                                     ;
; AUTO_CARRY_CHAINS                  ; ON                   ; AUTO_CARRY                                  ;
; IGNORE_CARRY_BUFFERS               ; OFF                  ; IGNORE_CARRY                                ;
; AUTO_CASCADE_CHAINS                ; ON                   ; AUTO_CASCADE                                ;
; IGNORE_CASCADE_BUFFERS             ; OFF                  ; IGNORE_CASCADE                              ;
; WIDTH_BYTEENA                      ; 1                    ; Untyped                                     ;
; OPERATION_MODE                     ; ROM                  ; Untyped                                     ;
; WIDTH_A                            ; 8                    ; Signed Integer                              ;
; WIDTHAD_A                          ; 5                    ; Signed Integer                              ;
; NUMWORDS_A                         ; 32                   ; Signed Integer                              ;
; OUTDATA_REG_A                      ; UNREGISTERED         ; Untyped                                     ;
; ADDRESS_ACLR_A                     ; NONE                 ; Untyped                                     ;
; OUTDATA_ACLR_A                     ; NONE                 ; Untyped                                     ;
; WRCONTROL_ACLR_A                   ; NONE                 ; Untyped                                     ;
; INDATA_ACLR_A                      ; NONE                 ; Untyped                                     ;
; BYTEENA_ACLR_A                     ; NONE                 ; Untyped                                     ;
; WIDTH_B                            ; 1                    ; Untyped                                     ;
; WIDTHAD_B                          ; 1                    ; Untyped                                     ;
; NUMWORDS_B                         ; 1                    ; Untyped                                     ;
; INDATA_REG_B                       ; CLOCK1               ; Untyped                                     ;
; WRCONTROL_WRADDRESS_REG_B          ; CLOCK1               ; Untyped                                     ;
; RDCONTROL_REG_B                    ; CLOCK1               ; Untyped                                     ;
; ADDRESS_REG_B                      ; CLOCK1               ; Untyped                                     ;
; OUTDATA_REG_B                      ; UNREGISTERED         ; Untyped                                     ;
; BYTEENA_REG_B                      ; CLOCK1               ; Untyped                                     ;
; INDATA_ACLR_B                      ; NONE                 ; Untyped                                     ;
; WRCONTROL_ACLR_B                   ; NONE                 ; Untyped                                     ;
; ADDRESS_ACLR_B                     ; NONE                 ; Untyped                                     ;
; OUTDATA_ACLR_B                     ; NONE                 ; Untyped                                     ;
; RDCONTROL_ACLR_B                   ; NONE                 ; Untyped                                     ;
; BYTEENA_ACLR_B                     ; NONE                 ; Untyped                                     ;
; WIDTH_BYTEENA_A                    ; 1                    ; Signed Integer                              ;
; WIDTH_BYTEENA_B                    ; 1                    ; Untyped                                     ;
; RAM_BLOCK_TYPE                     ; AUTO                 ; Untyped                                     ;
; BYTE_SIZE                          ; 8                    ; Untyped                                     ;
; READ_DURING_WRITE_MODE_MIXED_PORTS ; DONT_CARE            ; Untyped                                     ;
; READ_DURING_WRITE_MODE_PORT_A      ; NEW_DATA_NO_NBE_READ ; Untyped                                     ;
; READ_DURING_WRITE_MODE_PORT_B      ; NEW_DATA_NO_NBE_READ ; Untyped                                     ;
; INIT_FILE                          ; ROM.hex              ; Untyped                                     ;
; INIT_FILE_LAYOUT                   ; PORT_A               ; Untyped                                     ;
; MAXIMUM_DEPTH                      ; 0                    ; Untyped                                     ;
; CLOCK_ENABLE_INPUT_A               ; BYPASS               ; Untyped                                     ;
; CLOCK_ENABLE_INPUT_B               ; NORMAL               ; Untyped                                     ;
; CLOCK_ENABLE_OUTPUT_A              ; BYPASS               ; Untyped                                     ;
; CLOCK_ENABLE_OUTPUT_B              ; NORMAL               ; Untyped                                     ;
; CLOCK_ENABLE_CORE_A                ; USE_INPUT_CLKEN      ; Untyped                                     ;
; CLOCK_ENABLE_CORE_B                ; USE_INPUT_CLKEN      ; Untyped                                     ;
; ENABLE_ECC                         ; FALSE                ; Untyped                                     ;
; DEVICE_FAMILY                      ; Cyclone II           ; Untyped                                     ;
; CBXI_PARAMETER                     ; altsyncram_7f71      ; Untyped                                     ;
+------------------------------------+----------------------+---------------------------------------------+
Note: In order to hide this table in the UI and the text report file, please set the "Show Parameter Settings Tables in Synthesis Report" option in "Analysis and Synthesis Settings -> More Settings" to "Off".


+-------------------------------------------------------------------------------------------------------+
; Parameter Settings for User Entity Instance: Accumulator:inst38|lpm_ff0:inst1|lpm_ff:lpm_ff_component ;
+------------------------+------------+-----------------------------------------------------------------+
; Parameter Name         ; Value      ; Type                                                            ;
+------------------------+------------+-----------------------------------------------------------------+
; LPM_WIDTH              ; 8          ; Untyped                                                         ;
; LPM_AVALUE             ; UNUSED     ; Untyped                                                         ;
; LPM_SVALUE             ; UNUSED     ; Untyped                                                         ;
; LPM_FFTYPE             ; DFF        ; Untyped                                                         ;
; DEVICE_FAMILY          ; Cyclone II ; Untyped                                                         ;
; CBXI_PARAMETER         ; NOTHING    ; Untyped                                                         ;
; AUTO_CARRY_CHAINS      ; ON         ; AUTO_CARRY                                                      ;
; IGNORE_CARRY_BUFFERS   ; OFF        ; IGNORE_CARRY                                                    ;
; AUTO_CASCADE_CHAINS    ; ON         ; AUTO_CASCADE                                                    ;
; IGNORE_CASCADE_BUFFERS ; OFF        ; IGNORE_CASCADE                                                  ;
+------------------------+------------+-----------------------------------------------------------------+
Note: In order to hide this table in the UI and the text report file, please set the "Show Parameter Settings Tables in Synthesis Report" option in "Analysis and Synthesis Settings -> More Settings" to "Off".


+--------------------------------------------------------------------------------------------------------+
; altsyncram Parameter Settings by Entity Instance                                                       ;
+-------------------------------------------+------------------------------------------------------------+
; Name                                      ; Value                                                      ;
+-------------------------------------------+------------------------------------------------------------+
; Number of entity instances                ; 1                                                          ;
; Entity Instance                           ; NewLCD:inst|lpm_rom0:inst1|altsyncram:altsyncram_component ;
;     -- OPERATION_MODE                     ; ROM                                                        ;
;     -- WIDTH_A                            ; 8                                                          ;
;     -- NUMWORDS_A                         ; 32                                                         ;
;     -- OUTDATA_REG_A                      ; UNREGISTERED                                               ;
;     -- WIDTH_B                            ; 1                                                          ;
;     -- NUMWORDS_B                         ; 1                                                          ;
;     -- ADDRESS_REG_B                      ; CLOCK1                                                     ;
;     -- OUTDATA_REG_B                      ; UNREGISTERED                                               ;
;     -- RAM_BLOCK_TYPE                     ; AUTO                                                       ;
;     -- READ_DURING_WRITE_MODE_MIXED_PORTS ; DONT_CARE                                                  ;
+-------------------------------------------+------------------------------------------------------------+


+-------------------------------+
; Analysis & Synthesis Messages ;
+-------------------------------+
Info: *******************************************************************
Info: Running Quartus II Analysis & Synthesis
    Info: Version 9.1 Build 350 03/24/2010 Service Pack 2 SJ Web Edition
    Info: Processing started: Mon May 06 14:05:30 2019
Info: Command: quartus_map --read_settings_files=on --write_settings_files=off Accumulator-lab2 -c Accumulator-lab2
Info: Found 1 design units, including 1 entities, in source file fa.bdf
    Info: Found entity 1: FA
Info: Found 1 design units, including 1 entities, in source file ha.bdf
    Info: Found entity 1: HA
Info: Found 1 design units, including 1 entities, in source file adder8_4bits.bdf
    Info: Found entity 1: Adder8_4bits
Info: Found 1 design units, including 1 entities, in source file accumulator.bdf
    Info: Found entity 1: Accumulator
Info: Found 1 design units, including 1 entities, in source file accboard.bdf
    Info: Found entity 1: AccBoard
Info: Elaborating entity "AccBoard" for the top level hierarchy
Warning: Using design file /altera/91sp2/quartus/libraries/corelibrary/corelibrary/newlcd.bdf, which is not specified as a design file for the current project, but contains definitions for 1 design units and 1 entities in project
    Info: Found entity 1: newlcd
Info: Elaborating entity "NewLCD" for hierarchy "NewLCD:inst"
Warning: Using design file /altera/91sp2/quartus/libraries/corelibrary/corelibrary/lcd_display.vhd, which is not specified as a design file for the current project, but contains definitions for 2 design units and 1 entities in project
    Info: Found design unit 1: LCD_Display-a
    Info: Found entity 1: LCD_Display
Info: Elaborating entity "LCD_Display" for hierarchy "NewLCD:inst|LCD_Display:inst"
Warning: Using design file /altera/91sp2/quartus/libraries/corelibrary/corelibrary/lpm_rom0.vhd, which is not specified as a design file for the current project, but contains definitions for 2 design units and 1 entities in project
    Info: Found design unit 1: lpm_rom0-SYN
    Info: Found entity 1: lpm_rom0
Info: Elaborating entity "lpm_rom0" for hierarchy "NewLCD:inst|lpm_rom0:inst1"
Info: Elaborating entity "altsyncram" for hierarchy "NewLCD:inst|lpm_rom0:inst1|altsyncram:altsyncram_component"
Info: Elaborated megafunction instantiation "NewLCD:inst|lpm_rom0:inst1|altsyncram:altsyncram_component"
Info: Instantiated megafunction "NewLCD:inst|lpm_rom0:inst1|altsyncram:altsyncram_component" with the following parameter:
    Info: Parameter "clock_enable_input_a" = "BYPASS"
    Info: Parameter "clock_enable_output_a" = "BYPASS"
    Info: Parameter "init_file" = "ROM.hex"
    Info: Parameter "intended_device_family" = "Cyclone II"
    Info: Parameter "lpm_hint" = "ENABLE_RUNTIME_MOD=NO"
    Info: Parameter "lpm_type" = "altsyncram"
    Info: Parameter "numwords_a" = "32"
    Info: Parameter "operation_mode" = "ROM"
    Info: Parameter "outdata_aclr_a" = "NONE"
    Info: Parameter "outdata_reg_a" = "UNREGISTERED"
    Info: Parameter "widthad_a" = "5"
    Info: Parameter "width_a" = "8"
    Info: Parameter "width_byteena_a" = "1"
Info: Found 1 design units, including 1 entities, in source file db/altsyncram_7f71.tdf
    Info: Found entity 1: altsyncram_7f71
Info: Elaborating entity "altsyncram_7f71" for hierarchy "NewLCD:inst|lpm_rom0:inst1|altsyncram:altsyncram_component|altsyncram_7f71:auto_generated"
Info: Elaborating entity "Accumulator" for hierarchy "Accumulator:inst38"
Warning: Using design file lpm_ff0.tdf, which is not specified as a design file for the current project, but contains definitions for 1 design units and 1 entities in project
    Info: Found entity 1: lpm_ff0
Info: Elaborating entity "lpm_ff0" for hierarchy "Accumulator:inst38|lpm_ff0:inst1"
Info: Elaborating entity "lpm_ff" for hierarchy "Accumulator:inst38|lpm_ff0:inst1|lpm_ff:lpm_ff_component"
Info: Elaborated megafunction instantiation "Accumulator:inst38|lpm_ff0:inst1|lpm_ff:lpm_ff_component"
Info: Instantiated megafunction "Accumulator:inst38|lpm_ff0:inst1|lpm_ff:lpm_ff_component" with the following parameter:
    Info: Parameter "LPM_TYPE" = "LPM_FF"
    Info: Parameter "LPM_WIDTH" = "8"
    Info: Parameter "LPM_FFTYPE" = "DFF"
Info: Elaborating entity "Adder8_4bits" for hierarchy "Accumulator:inst38|Adder8_4bits:inst"
Info: Elaborating entity "HA" for hierarchy "Accumulator:inst38|Adder8_4bits:inst|HA:inst7"
Info: Elaborating entity "FA" for hierarchy "Accumulator:inst38|Adder8_4bits:inst|FA:inst3"
Info: Registers with preset signals will power-up high
Info: DEV_CLRn pin will set, and not reset, register with preset signal due to NOT Gate Push-Back
Warning: Output pins are stuck at VCC or GND
    Warning (13410): Pin "LCD_STATUS_OUT" is stuck at VCC
    Warning (13410): Pin "LCD_BL_STATUS_OUT" is stuck at VCC
Info: Implemented 153 device resources after synthesis - the final resource count might be different
    Info: Implemented 7 input pins
    Info: Implemented 13 output pins
    Info: Implemented 125 logic cells
    Info: Implemented 8 RAM segments
Info: Quartus II Analysis & Synthesis was successful. 0 errors, 7 warnings
    Info: Peak virtual memory: 281 megabytes
    Info: Processing ended: Mon May 06 14:05:33 2019
    Info: Elapsed time: 00:00:03
    Info: Total CPU time (on all processors): 00:00:02


