Classic Timing Analyzer report for lab3-enable
Sat May 04 15:50:35 2019
Quartus II Version 9.1 Build 350 03/24/2010 Service Pack 2 SJ Web Edition


---------------------
; Table of Contents ;
---------------------
  1. Legal Notice
  2. Timing Analyzer Summary
  3. Timing Analyzer Settings
  4. Parallel Compilation
  5. tpd
  6. Timing Analyzer Messages



----------------
; Legal Notice ;
----------------
Copyright (C) 1991-2010 Altera Corporation
Your use of Altera Corporation's design tools, logic functions 
and other software and tools, and its AMPP partner logic 
functions, and any output files from any of the foregoing 
(including device programming or simulation files), and any 
associated documentation or information are expressly subject 
to the terms and conditions of the Altera Program License 
Subscription Agreement, Altera MegaCore Function License 
Agreement, or other applicable license agreement, including, 
without limitation, that your use is for the sole purpose of 
programming logic devices manufactured by Altera and sold by 
Altera or its authorized distributors.  Please refer to the 
applicable agreement for further details.



+-------------------------------------------------------------------------------------------------------------------------+
; Timing Analyzer Summary                                                                                                 ;
+------------------------------+-------+---------------+-------------+------+------+------------+----------+--------------+
; Type                         ; Slack ; Required Time ; Actual Time ; From ; To   ; From Clock ; To Clock ; Failed Paths ;
+------------------------------+-------+---------------+-------------+------+------+------------+----------+--------------+
; Worst-case tpd               ; N/A   ; None          ; 13.488 ns   ; AI   ; Y[1] ; --         ; --       ; 0            ;
; Total number of failed paths ;       ;               ;             ;      ;      ;            ;          ; 0            ;
+------------------------------+-------+---------------+-------------+------+------+------------+----------+--------------+


+-----------------------------------------------------------------------------------------------------------------------------------------------------+
; Timing Analyzer Settings                                                                                                                            ;
+------------------------------------------------------------------------------------------------------+--------------------+------+----+-------------+
; Option                                                                                               ; Setting            ; From ; To ; Entity Name ;
+------------------------------------------------------------------------------------------------------+--------------------+------+----+-------------+
; Device Name                                                                                          ; EP2C35F672C6       ;      ;    ;             ;
; Timing Models                                                                                        ; Final              ;      ;    ;             ;
; Default hold multicycle                                                                              ; Same as Multicycle ;      ;    ;             ;
; Cut paths between unrelated clock domains                                                            ; On                 ;      ;    ;             ;
; Cut off read during write signal paths                                                               ; On                 ;      ;    ;             ;
; Cut off feedback from I/O pins                                                                       ; On                 ;      ;    ;             ;
; Report Combined Fast/Slow Timing                                                                     ; Off                ;      ;    ;             ;
; Ignore Clock Settings                                                                                ; Off                ;      ;    ;             ;
; Analyze latches as synchronous elements                                                              ; On                 ;      ;    ;             ;
; Enable Recovery/Removal analysis                                                                     ; Off                ;      ;    ;             ;
; Enable Clock Latency                                                                                 ; Off                ;      ;    ;             ;
; Use TimeQuest Timing Analyzer                                                                        ; Off                ;      ;    ;             ;
; Minimum Core Junction Temperature                                                                    ; 0                  ;      ;    ;             ;
; Maximum Core Junction Temperature                                                                    ; 85                 ;      ;    ;             ;
; Number of source nodes to report per destination node                                                ; 10                 ;      ;    ;             ;
; Number of destination nodes to report                                                                ; 10                 ;      ;    ;             ;
; Number of paths to report                                                                            ; 200                ;      ;    ;             ;
; Report Minimum Timing Checks                                                                         ; Off                ;      ;    ;             ;
; Use Fast Timing Models                                                                               ; Off                ;      ;    ;             ;
; Report IO Paths Separately                                                                           ; Off                ;      ;    ;             ;
; Perform Multicorner Analysis                                                                         ; On                 ;      ;    ;             ;
; Reports the worst-case path for each clock domain and analysis                                       ; Off                ;      ;    ;             ;
; Reports worst-case timing paths for each clock domain and analysis                                   ; On                 ;      ;    ;             ;
; Specifies the maximum number of worst-case timing paths to report for each clock domain and analysis ; 100                ;      ;    ;             ;
; Removes common clock path pessimism (CCPP) during slack computation                                  ; Off                ;      ;    ;             ;
; Output I/O Timing Endpoint                                                                           ; Near End           ;      ;    ;             ;
+------------------------------------------------------------------------------------------------------+--------------------+------+----+-------------+


Parallel compilation was disabled, but you have multiple processors available. Enable parallel compilation to reduce compilation time.
+-------------------------------------+
; Parallel Compilation                ;
+----------------------------+--------+
; Processors                 ; Number ;
+----------------------------+--------+
; Number detected on machine ; 2      ;
; Maximum allowed            ; 1      ;
+----------------------------+--------+


+------------------------------------------------------------+
; tpd                                                        ;
+-------+-------------------+-----------------+-------+------+
; Slack ; Required P2P Time ; Actual P2P Time ; From  ; To   ;
+-------+-------------------+-----------------+-------+------+
; N/A   ; None              ; 13.488 ns       ; AI    ; Y[1] ;
; N/A   ; None              ; 13.463 ns       ; A0    ; Y[0] ;
; N/A   ; None              ; 13.206 ns       ; A0    ; Y[1] ;
; N/A   ; None              ; 13.134 ns       ; AI    ; Y[0] ;
; N/A   ; None              ; 13.047 ns       ; R2[1] ; Y[1] ;
; N/A   ; None              ; 13.022 ns       ; A0    ; Y[2] ;
; N/A   ; None              ; 12.864 ns       ; R2[0] ; Y[0] ;
; N/A   ; None              ; 12.692 ns       ; AI    ; Y[2] ;
; N/A   ; None              ; 12.607 ns       ; AI    ; Y[3] ;
; N/A   ; None              ; 12.326 ns       ; A0    ; Y[3] ;
; N/A   ; None              ; 12.160 ns       ; R2[2] ; Y[2] ;
; N/A   ; None              ; 9.870 ns        ; I[1]  ; Y[1] ;
; N/A   ; None              ; 9.830 ns        ; R1[0] ; Y[0] ;
; N/A   ; None              ; 9.502 ns        ; L[0]  ; Y[0] ;
; N/A   ; None              ; 9.455 ns        ; R1[1] ; Y[1] ;
; N/A   ; None              ; 9.311 ns        ; L[1]  ; Y[1] ;
; N/A   ; None              ; 8.998 ns        ; R1[2] ; Y[2] ;
; N/A   ; None              ; 8.875 ns        ; L[2]  ; Y[2] ;
; N/A   ; None              ; 8.863 ns        ; I[3]  ; Y[3] ;
; N/A   ; None              ; 8.779 ns        ; R2[3] ; Y[3] ;
; N/A   ; None              ; 8.713 ns        ; I[0]  ; Y[0] ;
; N/A   ; None              ; 8.453 ns        ; L[3]  ; Y[3] ;
; N/A   ; None              ; 8.426 ns        ; I[2]  ; Y[2] ;
; N/A   ; None              ; 8.105 ns        ; R1[3] ; Y[3] ;
+-------+-------------------+-----------------+-------+------+


+--------------------------+
; Timing Analyzer Messages ;
+--------------------------+
Info: *******************************************************************
Info: Running Quartus II Classic Timing Analyzer
    Info: Version 9.1 Build 350 03/24/2010 Service Pack 2 SJ Web Edition
    Info: Processing started: Sat May 04 15:50:35 2019
Info: Command: quartus_tan --read_settings_files=off --write_settings_files=off lab3-enable -c lab3-enable --timing_analysis_only
Info: Longest tpd from source pin "AI" to destination pin "Y[1]" is 13.488 ns
    Info: 1: + IC(0.000 ns) + CELL(0.852 ns) = 0.852 ns; Loc. = PIN_V2; Fanout = 6; PIN Node = 'AI'
    Info: 2: + IC(5.590 ns) + CELL(0.438 ns) = 6.880 ns; Loc. = LCCOMB_X32_Y12_N0; Fanout = 1; COMB Node = 'choice2:inst1|inst4~0'
    Info: 3: + IC(0.244 ns) + CELL(0.150 ns) = 7.274 ns; Loc. = LCCOMB_X32_Y12_N10; Fanout = 1; COMB Node = 'choice2:inst1|inst4~1'
    Info: 4: + IC(3.426 ns) + CELL(2.788 ns) = 13.488 ns; Loc. = PIN_AB21; Fanout = 0; PIN Node = 'Y[1]'
    Info: Total cell delay = 4.228 ns ( 31.35 % )
    Info: Total interconnect delay = 9.260 ns ( 68.65 % )
Info: Quartus II Classic Timing Analyzer was successful. 0 errors, 0 warnings
    Info: Peak virtual memory: 213 megabytes
    Info: Processing ended: Sat May 04 15:50:36 2019
    Info: Elapsed time: 00:00:01
    Info: Total CPU time (on all processors): 00:00:00


